=================================================================================
[2024-03-06 18:51] Starting  Pipeline...

=====================================================
== Starting Step 1 in Pipeline: Data Preprocessing ==
=====================================================

Searching for time information...
Dates found in 'index' column!
Inferred frequency: 15T
Data from goes from 2020-01-01 to 2020-04-14, resulting in 10000 observations.

Selecting target and covariates...
Target: bid_close
Covariates: None

Data Insight:

                     bid_close
datetime                      
2020-01-01 00:00:00        NaN
2020-01-01 00:15:00        NaN
2020-01-01 00:30:00        NaN
2020-01-01 00:45:00        NaN
2020-01-01 01:00:00        NaN
[Time elapsed: 00s]


=======================================================
== Starting Step 2 in Pipeline: Individual Forecasts ==
=======================================================

=================================================================================
[2024-03-06 18:54] Starting  Pipeline...

=====================================================
== Starting Step 1 in Pipeline: Data Preprocessing ==
=====================================================

Searching for time information...
Dates found in 'index' column!
Inferred frequency: 15T
Data from goes from 2020-01-01 to 2020-04-14, resulting in 10000 observations.

Selecting target and covariates...
Target: bid_close
Covariates: None

Data Insight:

                     bid_close
datetime                      
2020-01-01 00:00:00        NaN
2020-01-01 00:15:00        NaN
2020-01-01 00:30:00        NaN
2020-01-01 00:45:00        NaN
2020-01-01 01:00:00        NaN
[Time elapsed: 00s]


=======================================================
== Starting Step 2 in Pipeline: Individual Forecasts ==
=======================================================

=================================================================================
[2024-03-06 18:56] Starting  Pipeline...

=====================================================
== Starting Step 1 in Pipeline: Data Preprocessing ==
=====================================================

Searching for time information...
Dates found in 'index' column!
Inferred frequency: 15T
Data from goes from 2020-01-01 to 2020-04-14, resulting in 10000 observations.

Aggregating data to frequency 'business day' using method 'last' and dropping NaNs...
...finished!
Data now has 74 observations.

Selecting target and covariates...
Target: bid_close
Covariates: None

Data Insight:

            bid_close
datetime             
2020-01-02       1.12
2020-01-03       1.12
2020-01-06       1.12
2020-01-07       1.12
2020-01-08       1.11
[Time elapsed: 00s]


=======================================================
== Starting Step 2 in Pipeline: Individual Forecasts ==
=======================================================

Splitting data (train/test ratio: 30/70)...
Initial training set has 22 observations 
and goes from 2020-01-02 to 2020-01-31
There are 52 periods to be forecasted: 
2020-02-03 to 2020-04-14

Now generating 52 one-step ahead expanding window predictions from model: Naive (sktime)
...finished!

Now generating 52 one-step ahead expanding window predictions from model: Naive (drift) (sktime)
...finished!

Now generating 52 one-step ahead expanding window predictions from model: STL (sktime)
...finished!

Now generating 52 one-step ahead expanding window predictions from model: XGBoost (darts)
...finished!


Since no covariates are given, skipping covariate forecasters.

Individual forecasters' predictions finished!

Insights into forecasters' predictions:
            Naive  Naive (drift)  STL  XGBoost
Date                                          
2020-02-03   1.11           1.11 1.10     1.11
2020-02-04   1.11           1.11 1.10     1.11
2020-02-05   1.10           1.10 1.11     1.10
2020-02-06   1.10           1.10 1.10     1.10
2020-02-07   1.10           1.10 1.11     1.10


Exporting individual predictions as csv...
...finished!

[Time elapsed: 06s]


=============================================
== Step 3: Historical Ensemble Predictions ==
=============================================

Splitting forecast data (n = 52) for ensemble forecasts (train/test ratio: 30/70)...
Initial training set has 15 observations and goes from 2020-02-03 to 2020-02-21
There are 37 periods to be forecasted by the individual models 2020-02-24 to 2020-04-14

Now generating 37 one-step ahead expanding window predictions from ensemble model: 'Weighted - Simple'
Ensemble forecast 1 / 37
Ensemble forecast 8 / 37
Ensemble forecast 15 / 37
Ensemble forecast 23 / 37
Ensemble forecast 30 / 37
Ensemble forecast 37 / 37
...finished!

Now generating 37 one-step ahead expanding window predictions from ensemble model: 'Weighted - Inverse RMSE'
Ensemble forecast 1 / 37
Ensemble forecast 8 / 37
Ensemble forecast 15 / 37
Ensemble forecast 23 / 37
Ensemble forecast 30 / 37
Ensemble forecast 37 / 37
...finished!

Ensemble predictions finished!

Insights into ensembles' predictions:
            Weighted Ensemble: Simple  Weighted Ensemble: Inverse RMSE
2020-02-24                       1.08                             1.08
2020-02-25                       1.08                             1.08
2020-02-26                       1.09                             1.09
2020-02-27                       1.09                             1.09
2020-02-28                       1.10                             1.10

Merging...
...finished!

Exporting ensemble predictions as csv...
Exporting full predictions as csv...
...finished!

[Time elapsed: 06s]


============================================
== Step 4: Creating Metrics Ranking Table ==
============================================

Calculating MAE, RMSE, MAPE, sMAPE per model...
Ranking forecasters ...
...finished!

Exporting metrics ranking as csv...
...finished!

Results:
                             Model  MAE  RMSE  MAPE  sMAPE  MAE Ranking  \
0                            Naive 0.01  0.01  0.01   0.40            1   
1                    Naive (drift) 0.01  0.01  0.01   0.41            2   
2                          XGBoost 0.01  0.01  0.01   0.46            3   
3  Weighted Ensemble: Inverse RMSE 0.01  0.01  0.01   0.48            4   
4        Weighted Ensemble: Simple 0.01  0.01  0.01   0.51            5   
5                              STL 0.01  0.02  0.01   0.86            6   

   RMSE Ranking  MAPE Ranking  sMAPE Ranking  
0             1             1              1  
1             2             2              2  
2             4             3              3  
3             3             4              4  
4             5             5              5  
5             6             6              6  


[2024-03-06 18:56] Finished Pipeline!
[Total time elapsed: 06s]
=================================================================================
=================================================================================
[2024-03-06 18:58] Starting  Pipeline...

=====================================================
== Starting Step 1 in Pipeline: Data Preprocessing ==
=====================================================

Searching for time information...
Dates found in 'index' column!
Inferred frequency: 15T
Data from goes from 2020-01-01 to 2020-04-14, resulting in 10000 observations.

Aggregating data to frequency 'business day' using method 'last' and dropping NaNs...
...finished!
Data now has 74 observations.

Selecting target and covariates...
Target: bid_close
Covariates: None

Data Insight:

            bid_close
datetime             
2020-01-02       1.12
2020-01-03       1.12
2020-01-06       1.12
2020-01-07       1.12
2020-01-08       1.11
[Time elapsed: 00s]


=======================================================
== Starting Step 2 in Pipeline: Individual Forecasts ==
=======================================================

Splitting data (train/test ratio: 30/70)...
Initial training set has 22 observations 
and goes from 2020-01-02 to 2020-01-31
There are 52 periods to be forecasted: 
2020-02-03 to 2020-04-14

Now generating 52 one-step ahead expanding window predictions from model: Naive (sktime)
...finished!

Now generating 52 one-step ahead expanding window predictions from model: Naive (drift) (sktime)
...finished!

Now generating 52 one-step ahead expanding window predictions from model: STL (sktime)
...finished!

Now generating 52 one-step ahead expanding window predictions from model: XGBoost (darts)
...finished!


Since no covariates are given, skipping covariate forecasters.

Individual forecasters' predictions finished!

Insights into forecasters' predictions:
            Naive  Naive (drift)  STL  XGBoost
Date                                          
2020-02-03   1.11           1.11 1.10     1.11
2020-02-04   1.11           1.11 1.10     1.11
2020-02-05   1.10           1.10 1.11     1.10
2020-02-06   1.10           1.10 1.10     1.10
2020-02-07   1.10           1.10 1.11     1.10


Exporting individual predictions as csv...
...finished!

[Time elapsed: 05s]


=============================================
== Step 3: Historical Ensemble Predictions ==
=============================================

Splitting forecast data (n = 52) for ensemble forecasts (train/test ratio: 30/70)...
Initial training set has 15 observations and goes from 2020-02-03 to 2020-02-21
There are 37 periods to be forecasted by the individual models 2020-02-24 to 2020-04-14

Now generating 37 one-step ahead expanding window predictions from ensemble model: 'Weighted - Simple'
Ensemble forecast 1 / 37
Ensemble forecast 8 / 37
Ensemble forecast 15 / 37
Ensemble forecast 23 / 37
Ensemble forecast 30 / 37
Ensemble forecast 37 / 37
...finished!

Now generating 37 one-step ahead expanding window predictions from ensemble model: 'Weighted - Inverse RMSE'
Ensemble forecast 1 / 37
Ensemble forecast 8 / 37
Ensemble forecast 15 / 37
Ensemble forecast 23 / 37
Ensemble forecast 30 / 37
Ensemble forecast 37 / 37
...finished!

Ensemble predictions finished!

Insights into ensembles' predictions:
            Weighted Ensemble: Simple  Weighted Ensemble: Inverse RMSE
2020-02-24                       1.08                             1.08
2020-02-25                       1.08                             1.08
2020-02-26                       1.09                             1.09
2020-02-27                       1.09                             1.09
2020-02-28                       1.10                             1.10

Merging...
...finished!

Exporting ensemble predictions as csv...
Exporting full predictions as csv...
...finished!

[Time elapsed: 06s]


============================================
== Step 4: Creating Metrics Ranking Table ==
============================================

Calculating MAE, RMSE, MAPE, sMAPE per model...
Ranking forecasters ...
...finished!

Exporting metrics ranking as csv...
...finished!

Results:
                             Model  MAE  RMSE  MAPE  sMAPE  MAE Ranking  \
0                            Naive 0.01  0.01  0.01   0.40            1   
1                    Naive (drift) 0.01  0.01  0.01   0.41            2   
2                          XGBoost 0.01  0.01  0.01   0.46            3   
3  Weighted Ensemble: Inverse RMSE 0.01  0.01  0.01   0.48            4   
4        Weighted Ensemble: Simple 0.01  0.01  0.01   0.51            5   
5                              STL 0.01  0.02  0.01   0.86            6   

   RMSE Ranking  MAPE Ranking  sMAPE Ranking  
0             1             1              1  
1             2             2              2  
2             4             3              3  
3             3             4              4  
4             5             5              5  
5             6             6              6  


[2024-03-06 18:58] Finished Pipeline!
[Total time elapsed: 06s]
=================================================================================
=================================================================================
[2024-03-06 19:00] Starting  Pipeline...

=====================================================
== Starting Step 1 in Pipeline: Data Preprocessing ==
=====================================================

Searching for time information...
Dates found in 'index' column!
Inferred frequency: 15T
Data from goes from 2020-01-01 to 2020-04-14, resulting in 10000 observations.

Aggregating data to frequency 'business day' using method 'last' and dropping NaNs...
...finished!
Data now has 74 observations.

Selecting target and covariates...
Target: bid_close
Covariates: None

Data Insight:

            bid_close
datetime             
2020-01-02       1.12
2020-01-03       1.12
2020-01-06       1.12
2020-01-07       1.12
2020-01-08       1.11
[Time elapsed: 00s]


=======================================================
== Starting Step 2 in Pipeline: Individual Forecasts ==
=======================================================

Splitting data (train/test ratio: 30/70)...
Initial training set has 22 observations 
and goes from 2020-01-02 to 2020-01-31
There are 52 periods to be forecasted: 
2020-02-03 to 2020-04-14

Now generating 52 one-step ahead expanding window predictions from model: Naive (sktime)
...finished!

Now generating 52 one-step ahead expanding window predictions from model: Naive (drift) (sktime)
...finished!

Now generating 52 one-step ahead expanding window predictions from model: STL (sktime)
...finished!

Now generating 52 one-step ahead expanding window predictions from model: XGBoost (darts)
...finished!


Since no covariates are given, skipping covariate forecasters.

Individual forecasters' predictions finished!

Insights into forecasters' predictions:
            Naive  Naive (drift)  STL  XGBoost
Date                                          
2020-02-03   1.11           1.11 1.10     1.11
2020-02-04   1.11           1.11 1.10     1.11
2020-02-05   1.10           1.10 1.11     1.10
2020-02-06   1.10           1.10 1.10     1.10
2020-02-07   1.10           1.10 1.11     1.10


Exporting individual predictions as csv...
...finished!

[Time elapsed: 06s]


=============================================
== Step 3: Historical Ensemble Predictions ==
=============================================

Splitting forecast data (n = 52) for ensemble forecasts (train/test ratio: 30/70)...
Initial training set has 15 observations and goes from 2020-02-03 to 2020-02-21
There are 37 periods to be forecasted by the individual models 2020-02-24 to 2020-04-14

Now generating 37 one-step ahead expanding window predictions from ensemble model: 'Weighted - Simple'
Ensemble forecast 1 / 37
Ensemble forecast 8 / 37
Ensemble forecast 15 / 37
Ensemble forecast 23 / 37
Ensemble forecast 30 / 37
Ensemble forecast 37 / 37
...finished!

Now generating 37 one-step ahead expanding window predictions from ensemble model: 'Weighted - Inverse RMSE'
Ensemble forecast 1 / 37
Ensemble forecast 8 / 37
Ensemble forecast 15 / 37
Ensemble forecast 23 / 37
Ensemble forecast 30 / 37
Ensemble forecast 37 / 37
...finished!

Now generating 37 one-step ahead expanding window predictions from ensemble model: 'Weighted - Inverse Variance'
Ensemble forecast 1 / 37
Ensemble forecast 8 / 37
Ensemble forecast 15 / 37
Ensemble forecast 23 / 37
Ensemble forecast 30 / 37
Ensemble forecast 37 / 37
...finished!

Now generating 37 one-step ahead expanding window predictions from ensemble model: 'Weighted - Inverse Error Covariance'
Ensemble forecast 1 / 37
Ensemble forecast 8 / 37
Ensemble forecast 15 / 37
Ensemble forecast 23 / 37
Ensemble forecast 30 / 37
Ensemble forecast 37 / 37
...finished!

Now generating 37 one-step ahead expanding window predictions from ensemble model: 'Meta - SVR (sklearn)'
Ensemble forecast 1 / 37
Ensemble forecast 8 / 37
Ensemble forecast 15 / 37
Ensemble forecast 23 / 37
Ensemble forecast 30 / 37
Ensemble forecast 37 / 37
...finished!

Now generating 37 one-step ahead expanding window predictions from ensemble model: 'Meta - Ridge (sklearn)'
Ensemble forecast 1 / 37
Ensemble forecast 8 / 37
Ensemble forecast 15 / 37
Ensemble forecast 23 / 37
Ensemble forecast 30 / 37
Ensemble forecast 37 / 37
...finished!

Now generating 37 one-step ahead expanding window predictions from ensemble model: 'Meta - Linear Regression (sklearn)'
Ensemble forecast 1 / 37
Ensemble forecast 8 / 37
Ensemble forecast 15 / 37
Ensemble forecast 23 / 37
Ensemble forecast 30 / 37
Ensemble forecast 37 / 37
...finished!

Now generating 37 one-step ahead expanding window predictions from ensemble model: 'Meta - MLP (sklearn)'
Ensemble forecast 1 / 37
Ensemble forecast 8 / 37
Ensemble forecast 15 / 37
Ensemble forecast 23 / 37
Ensemble forecast 30 / 37
Ensemble forecast 37 / 37
...finished!

Now generating 37 one-step ahead expanding window predictions from ensemble model: 'Meta - RandomForest (sklearn)'
Ensemble forecast 1 / 37
Ensemble forecast 8 / 37
Ensemble forecast 15 / 37
Ensemble forecast 23 / 37
Ensemble forecast 30 / 37
Ensemble forecast 37 / 37
...finished!

Ensemble predictions finished!

Insights into ensembles' predictions:
            Weighted Ensemble: Simple  Weighted Ensemble: Inverse RMSE  \
2020-02-24                       1.08                             1.08   
2020-02-25                       1.08                             1.08   
2020-02-26                       1.09                             1.09   
2020-02-27                       1.09                             1.09   
2020-02-28                       1.10                             1.10   

            Weighted Ensemble: Inverse Variance  \
2020-02-24                                 1.08   
2020-02-25                                 1.08   
2020-02-26                                 1.09   
2020-02-27                                 1.09   
2020-02-28                                 1.10   

            Weighted Ensemble: Inverse Error Covariance  Meta Ensemble: SVR  \
2020-02-24                                         1.09                1.09   
2020-02-25                                         1.09                1.09   
2020-02-26                                         1.09                1.09   
2020-02-27                                         1.09                1.09   
2020-02-28                                         1.10                1.09   

            Meta Ensemble: Ridge  Meta Ensemble: Linear Regression  \
2020-02-24                  1.09                              1.09   
2020-02-25                  1.09                              1.09   
2020-02-26                  1.09                              1.09   
2020-02-27                  1.09                              1.09   
2020-02-28                  1.09                              1.10   

            Meta Ensemble: MLP  Meta Ensemble: RandomForest  
2020-02-24                1.33                         1.08  
2020-02-25                1.20                         1.08  
2020-02-26                1.34                         1.09  
2020-02-27                1.34                         1.09  
2020-02-28                1.32                         1.09  

Merging...
...finished!

Exporting ensemble predictions as csv...
Exporting full predictions as csv...
...finished!

[Time elapsed: 12s]


============================================
== Step 4: Creating Metrics Ranking Table ==
============================================

Calculating MAE, RMSE, MAPE, sMAPE per model...
Ranking forecasters ...
...finished!

Exporting metrics ranking as csv...
...finished!

Results:
                                          Model  MAE  RMSE  MAPE  sMAPE  \
0   Weighted Ensemble: Inverse Error Covariance 0.01  0.01  0.01   0.38   
1                                         Naive 0.01  0.01  0.01   0.40   
2              Meta Ensemble: Linear Regression 0.01  0.01  0.01   0.41   
3                                 Naive (drift) 0.01  0.01  0.01   0.41   
4                                       XGBoost 0.01  0.01  0.01   0.46   
5               Weighted Ensemble: Inverse RMSE 0.01  0.01  0.01   0.48   
6           Weighted Ensemble: Inverse Variance 0.01  0.01  0.01   0.48   
7                   Meta Ensemble: RandomForest 0.01  0.01  0.01   0.49   
8                     Weighted Ensemble: Simple 0.01  0.01  0.01   0.51   
9                                           STL 0.01  0.02  0.01   0.86   
10                         Meta Ensemble: Ridge 0.01  0.02  0.01   0.90   
11                           Meta Ensemble: SVR 0.02  0.02  0.01   0.93   
12                           Meta Ensemble: MLP 0.19  0.21  0.18  11.01   

    MAE Ranking  RMSE Ranking  MAPE Ranking  sMAPE Ranking  
0             1             1             1              1  
1             2             2             2              2  
2             3             4             3              3  
3             4             3             4              4  
4             5             8             5              5  
5             6             5             6              6  
6             7             7             7              7  
7             8             6             8              8  
8             9             9             9              9  
9            10            10            10             10  
10           11            12            11             11  
11           12            11            12             12  
12           13            13            13             13  


[2024-03-06 19:00] Finished Pipeline!
[Total time elapsed: 12s]
=================================================================================
=================================================================================
[2024-03-06 19:01] Starting  Pipeline...

=====================================================
== Starting Step 1 in Pipeline: Data Preprocessing ==
=====================================================

Searching for time information...
Dates found in 'index' column!
Inferred frequency: 15T
Data from goes from 2020-01-01 to 2020-04-14, resulting in 10000 observations.

Aggregating data to frequency 'business day' using method 'last' and dropping NaNs...
...finished!
Data now has 74 observations.

Selecting target and covariates...
Target: bid_close
Covariates: None

Data Insight:

            bid_close
datetime             
2020-01-02       1.12
2020-01-03       1.12
2020-01-06       1.12
2020-01-07       1.12
2020-01-08       1.11
[Time elapsed: 00s]


=======================================================
== Starting Step 2 in Pipeline: Individual Forecasts ==
=======================================================

Splitting data (train/test ratio: 30/70)...
Initial training set has 22 observations 
and goes from 2020-01-02 to 2020-01-31
There are 52 periods to be forecasted: 
2020-02-03 to 2020-04-14

Now generating 52 one-step ahead expanding window predictions from model: Naive (sktime)
...finished!

Now generating 52 one-step ahead expanding window predictions from model: Naive (drift) (sktime)
...finished!

Now generating 52 one-step ahead expanding window predictions from model: AutoSARIMA (sktime)
Auto-fitting model. Refitting every 18th period.
AutoSARIMA forecast 1 / 52
AutoSARIMA forecast 11 / 52
AutoSARIMA forecast 21 / 52
AutoSARIMA forecast 32 / 52
AutoSARIMA forecast 42 / 52
AutoSARIMA forecast 52 / 52
...finished!

Now generating 52 one-step ahead expanding window predictions from model: Exponential Smoothing (sktime)
...finished!

Now generating 52 one-step ahead expanding window predictions from model: STL (sktime)
...finished!

Now generating 52 one-step ahead expanding window predictions from model: XGBoost (darts)
...finished!


Since no covariates are given, skipping covariate forecasters.

Individual forecasters' predictions finished!

Insights into forecasters' predictions:
            Naive  Naive (drift)  AutoSARIMA  Exponential Smoothing  STL  \
Date                                                                       
2020-02-03   1.11           1.11        1.11                   1.11 1.10   
2020-02-04   1.11           1.11        1.10                   1.11 1.10   
2020-02-05   1.10           1.10        1.10                   1.10 1.11   
2020-02-06   1.10           1.10        1.10                   1.10 1.10   
2020-02-07   1.10           1.10        1.10                   1.10 1.11   

            XGBoost  
Date                 
2020-02-03     1.11  
2020-02-04     1.11  
2020-02-05     1.10  
2020-02-06     1.10  
2020-02-07     1.10  


Exporting individual predictions as csv...
...finished!

[Time elapsed: 15s]


=============================================
== Step 3: Historical Ensemble Predictions ==
=============================================

Splitting forecast data (n = 52) for ensemble forecasts (train/test ratio: 30/70)...
Initial training set has 15 observations and goes from 2020-02-03 to 2020-02-21
There are 37 periods to be forecasted by the individual models 2020-02-24 to 2020-04-14

Now generating 37 one-step ahead expanding window predictions from ensemble model: 'Weighted - Simple'
Ensemble forecast 1 / 37
Ensemble forecast 8 / 37
Ensemble forecast 15 / 37
Ensemble forecast 23 / 37
Ensemble forecast 30 / 37
Ensemble forecast 37 / 37
...finished!

Now generating 37 one-step ahead expanding window predictions from ensemble model: 'Weighted - Inverse RMSE'
Ensemble forecast 1 / 37
Ensemble forecast 8 / 37
Ensemble forecast 15 / 37
Ensemble forecast 23 / 37
Ensemble forecast 30 / 37
Ensemble forecast 37 / 37
...finished!

Now generating 37 one-step ahead expanding window predictions from ensemble model: 'Weighted - Inverse Variance'
Ensemble forecast 1 / 37
Ensemble forecast 8 / 37
Ensemble forecast 15 / 37
Ensemble forecast 23 / 37
Ensemble forecast 30 / 37
Ensemble forecast 37 / 37
...finished!

Now generating 37 one-step ahead expanding window predictions from ensemble model: 'Weighted - Inverse Error Covariance'
Ensemble forecast 1 / 37
Ensemble forecast 8 / 37
Ensemble forecast 15 / 37
Ensemble forecast 23 / 37
Ensemble forecast 30 / 37
Ensemble forecast 37 / 37
...finished!

Now generating 37 one-step ahead expanding window predictions from ensemble model: 'Meta - SVR (sklearn)'
Ensemble forecast 1 / 37
Ensemble forecast 8 / 37
Ensemble forecast 15 / 37
Ensemble forecast 23 / 37
Ensemble forecast 30 / 37
Ensemble forecast 37 / 37
...finished!

Now generating 37 one-step ahead expanding window predictions from ensemble model: 'Meta - Ridge (sklearn)'
Ensemble forecast 1 / 37
Ensemble forecast 8 / 37
Ensemble forecast 15 / 37
Ensemble forecast 23 / 37
Ensemble forecast 30 / 37
Ensemble forecast 37 / 37
...finished!

Now generating 37 one-step ahead expanding window predictions from ensemble model: 'Meta - Linear Regression (sklearn)'
Ensemble forecast 1 / 37
Ensemble forecast 8 / 37
Ensemble forecast 15 / 37
Ensemble forecast 23 / 37
Ensemble forecast 30 / 37
Ensemble forecast 37 / 37
...finished!

Now generating 37 one-step ahead expanding window predictions from ensemble model: 'Meta - MLP (sklearn)'
Ensemble forecast 1 / 37
Ensemble forecast 8 / 37
Ensemble forecast 15 / 37
Ensemble forecast 23 / 37
Ensemble forecast 30 / 37
Ensemble forecast 37 / 37
...finished!

Now generating 37 one-step ahead expanding window predictions from ensemble model: 'Meta - RandomForest (sklearn)'
Ensemble forecast 1 / 37
Ensemble forecast 8 / 37
Ensemble forecast 15 / 37
Ensemble forecast 23 / 37
Ensemble forecast 30 / 37
Ensemble forecast 37 / 37
...finished!

Ensemble predictions finished!

Insights into ensembles' predictions:
            Weighted Ensemble: Simple  Weighted Ensemble: Inverse RMSE  \
2020-02-24                       1.08                             1.08   
2020-02-25                       1.08                             1.08   
2020-02-26                       1.09                             1.09   
2020-02-27                       1.09                             1.09   
2020-02-28                       1.10                             1.10   

            Weighted Ensemble: Inverse Variance  \
2020-02-24                                 1.08   
2020-02-25                                 1.08   
2020-02-26                                 1.09   
2020-02-27                                 1.09   
2020-02-28                                 1.10   

            Weighted Ensemble: Inverse Error Covariance  Meta Ensemble: SVR  \
2020-02-24                                         1.09                1.09   
2020-02-25                                         1.09                1.09   
2020-02-26                                         1.09                1.09   
2020-02-27                                         1.09                1.09   
2020-02-28                                         1.10                1.09   

            Meta Ensemble: Ridge  Meta Ensemble: Linear Regression  \
2020-02-24                  1.09                              1.08   
2020-02-25                  1.09                              1.09   
2020-02-26                  1.09                              1.09   
2020-02-27                  1.09                              1.09   
2020-02-28                  1.09                              1.10   

            Meta Ensemble: MLP  Meta Ensemble: RandomForest  
2020-02-24                1.05                         1.08  
2020-02-25                1.39                         1.08  
2020-02-26                1.41                         1.09  
2020-02-27                1.15                         1.09  
2020-02-28                1.05                         1.10  

Merging...
...finished!

Exporting ensemble predictions as csv...
Exporting full predictions as csv...
...finished!

[Time elapsed: 21s]


============================================
== Step 4: Creating Metrics Ranking Table ==
============================================

Calculating MAE, RMSE, MAPE, sMAPE per model...
Ranking forecasters ...
...finished!

Exporting metrics ranking as csv...
...finished!

Results:
                                          Model  MAE  RMSE  MAPE  sMAPE  \
0   Weighted Ensemble: Inverse Error Covariance 0.01  0.01  0.01   0.38   
1                                         Naive 0.01  0.01  0.01   0.40   
2                         Exponential Smoothing 0.01  0.01  0.01   0.40   
3              Meta Ensemble: Linear Regression 0.01  0.01  0.01   0.41   
4                                 Naive (drift) 0.01  0.01  0.01   0.41   
5                                       XGBoost 0.01  0.01  0.01   0.46   
6               Weighted Ensemble: Inverse RMSE 0.01  0.01  0.01   0.46   
7           Weighted Ensemble: Inverse Variance 0.01  0.01  0.01   0.47   
8                     Weighted Ensemble: Simple 0.01  0.01  0.01   0.49   
9                   Meta Ensemble: RandomForest 0.01  0.01  0.01   0.50   
10                                   AutoSARIMA 0.01  0.01  0.01   0.62   
11                                          STL 0.01  0.02  0.01   0.86   
12                         Meta Ensemble: Ridge 0.01  0.02  0.01   0.88   
13                           Meta Ensemble: SVR 0.02  0.02  0.01   0.93   
14                           Meta Ensemble: MLP 0.19  0.22  0.17  10.66   

    MAE Ranking  RMSE Ranking  MAPE Ranking  sMAPE Ranking  
0             1             1             1              1  
1             2             2             2              2  
2             3             3             3              3  
3             4             5             4              4  
4             5             4             5              5  
5             6             6             6              6  
6             7             7             7              7  
7             8             8             8              8  
8             9            10             9              9  
9            10             9            10             10  
10           11            11            11             11  
11           12            12            12             12  
12           13            13            13             13  
13           14            14            14             14  
14           15            15            15             15  


[2024-03-06 19:01] Finished Pipeline!
[Total time elapsed: 21s]
=================================================================================
