=================================================================================
[2024-03-06 19:18] Starting  Pipeline...

=====================================================
== Starting Step 1 in Pipeline: Data Preprocessing ==
=====================================================

Searching for time information...
Dates found in 'index' column!
Inferred frequency: 15T
Data from goes from 2020-01-01 to 2020-04-14, resulting in 10000 observations.

Aggregating data to frequency 'business day' using method 'last' and dropping NaNs...
...finished!
Data now has 74 observations.

Selecting target and covariates...
Target: bid_close
Covariates: None

Data Insight:

            bid_close
datetime             
2020-01-02    1.11702
2020-01-03    1.11599
2020-01-06    1.11948
2020-01-07    1.11530
2020-01-08    1.11124
[Time elapsed: 00s]


=======================================================
== Starting Step 2 in Pipeline: Individual Forecasts ==
=======================================================

Splitting data (train/test ratio: 30/70)...
Initial training set has 22 observations 
and goes from 2020-01-02 to 2020-01-31
There are 52 periods to be forecasted: 
2020-02-03 to 2020-04-14

Now generating 52 one-step ahead expanding window predictions from model: Naive (sktime)
...finished!

Now generating 52 one-step ahead expanding window predictions from model: Naive (drift) (sktime)
...finished!

Now generating 52 one-step ahead expanding window predictions from model: AutoSARIMA (sktime)
Auto-fitting model. Refitting every 18th period.
AutoSARIMA forecast 1 / 52
AutoSARIMA forecast 11 / 52
AutoSARIMA forecast 21 / 52
AutoSARIMA forecast 32 / 52
AutoSARIMA forecast 42 / 52
AutoSARIMA forecast 52 / 52
...finished!

Now generating 52 one-step ahead expanding window predictions from model: Exponential Smoothing (sktime)
...finished!

Now generating 52 one-step ahead expanding window predictions from model: STL (sktime)
...finished!

Now generating 52 one-step ahead expanding window predictions from model: XGBoost (darts)
...finished!


Since no covariates are given, skipping covariate forecasters.

Individual forecasters' predictions finished!

Insights into forecasters' predictions:
              Naive  Naive (drift)  AutoSARIMA  Exponential Smoothing  \
Date                                                                    
2020-02-03  1.10885       1.108461    1.110852               1.108820   
2020-02-04  1.10618       1.105687    1.103396               1.106193   
2020-02-05  1.10440       1.103851    1.104226               1.104409   
2020-02-06  1.09994       1.099228    1.098625               1.099962   
2020-02-07  1.09802       1.097260    1.103651               1.098030   

                 STL   XGBoost  
Date                            
2020-02-03  1.099680  1.108045  
2020-02-04  1.103271  1.107951  
2020-02-05  1.105145  1.104865  
2020-02-06  1.104768  1.101086  
2020-02-07  1.105307  1.100071  


Exporting individual predictions as csv...
...finished!

[Time elapsed: 14s]


=============================================
== Step 3: Historical Ensemble Predictions ==
=============================================

Splitting forecast data (n = 52) for ensemble forecasts (train/test ratio: 30/70)...
Initial training set has 15 observations and goes from 2020-02-03 to 2020-02-21
There are 37 periods to be forecasted by the individual models 2020-02-24 to 2020-04-14

Now generating 37 one-step ahead expanding window predictions from ensemble model: 'Weighted - Simple'
Ensemble forecast 1 / 37
Ensemble forecast 8 / 37
Ensemble forecast 15 / 37
Ensemble forecast 23 / 37
Ensemble forecast 30 / 37
Ensemble forecast 37 / 37
...finished!

Now generating 37 one-step ahead expanding window predictions from ensemble model: 'Weighted - Inverse RMSE'
Ensemble forecast 1 / 37
Ensemble forecast 8 / 37
Ensemble forecast 15 / 37
Ensemble forecast 23 / 37
Ensemble forecast 30 / 37
Ensemble forecast 37 / 37
...finished!

Now generating 37 one-step ahead expanding window predictions from ensemble model: 'Weighted - Inverse Variance'
Ensemble forecast 1 / 37
Ensemble forecast 8 / 37
Ensemble forecast 15 / 37
Ensemble forecast 23 / 37
Ensemble forecast 30 / 37
Ensemble forecast 37 / 37
...finished!

Now generating 37 one-step ahead expanding window predictions from ensemble model: 'Weighted - Inverse Error Covariance'
Ensemble forecast 1 / 37
Ensemble forecast 8 / 37
Ensemble forecast 15 / 37
Ensemble forecast 23 / 37
Ensemble forecast 30 / 37
Ensemble forecast 37 / 37
...finished!

Now generating 37 one-step ahead expanding window predictions from ensemble model: 'Meta - SVR (sklearn)'
Ensemble forecast 1 / 37
Ensemble forecast 8 / 37
Ensemble forecast 15 / 37
Ensemble forecast 23 / 37
Ensemble forecast 30 / 37
Ensemble forecast 37 / 37
...finished!

Now generating 37 one-step ahead expanding window predictions from ensemble model: 'Meta - Ridge (sklearn)'
Ensemble forecast 1 / 37
Ensemble forecast 8 / 37
Ensemble forecast 15 / 37
Ensemble forecast 23 / 37
Ensemble forecast 30 / 37
Ensemble forecast 37 / 37
...finished!

Now generating 37 one-step ahead expanding window predictions from ensemble model: 'Meta - Linear Regression (sklearn)'
Ensemble forecast 1 / 37
Ensemble forecast 8 / 37
Ensemble forecast 15 / 37
Ensemble forecast 23 / 37
Ensemble forecast 30 / 37
Ensemble forecast 37 / 37
...finished!

Now generating 37 one-step ahead expanding window predictions from ensemble model: 'Meta - MLP (sklearn)'
Ensemble forecast 1 / 37
Ensemble forecast 8 / 37
Ensemble forecast 15 / 37
Ensemble forecast 23 / 37
Ensemble forecast 30 / 37
Ensemble forecast 37 / 37
...finished!

Now generating 37 one-step ahead expanding window predictions from ensemble model: 'Meta - RandomForest (sklearn)'
Ensemble forecast 1 / 37
Ensemble forecast 8 / 37
Ensemble forecast 15 / 37
Ensemble forecast 23 / 37
Ensemble forecast 30 / 37
Ensemble forecast 37 / 37
...finished!

Ensemble predictions finished!

Insights into ensembles' predictions:
            Weighted Ensemble: Simple  Weighted Ensemble: Inverse RMSE  \
2020-02-24                   1.083406                         1.083409   
2020-02-25                   1.082601                         1.083027   
2020-02-26                   1.088037                         1.087922   
2020-02-27                   1.087207                         1.087508   
2020-02-28                   1.098414                         1.098684   

            Weighted Ensemble: Inverse Variance  \
2020-02-24                             1.083324   
2020-02-25                             1.082888   
2020-02-26                             1.087947   
2020-02-27                             1.087402   
2020-02-28                             1.098551   

            Weighted Ensemble: Inverse Error Covariance  Meta Ensemble: SVR  \
2020-02-24                                     1.087331            1.092445   
2020-02-25                                     1.090263            1.092445   
2020-02-26                                     1.092574            1.092445   
2020-02-27                                     1.094050            1.092445   
2020-02-28                                     1.099912            1.092445   

            Meta Ensemble: Ridge  Meta Ensemble: Linear Regression  \
2020-02-24              1.089766                          1.083477   
2020-02-25              1.089438                          1.087552   
2020-02-26              1.089430                          1.090143   
2020-02-27              1.089368                          1.091930   
2020-02-28              1.090071                          1.100768   

            Meta Ensemble: MLP  Meta Ensemble: RandomForest  
2020-02-24            1.384296                     1.082423  
2020-02-25            1.235168                     1.083799  
2020-02-26            1.407868                     1.087130  
2020-02-27            1.203127                     1.087557  
2020-02-28            1.440708                     1.096670  

Merging...
...finished!

Exporting ensemble predictions as csv...
Exporting full predictions as csv...
...finished!

[Time elapsed: 20s]


============================================
== Step 4: Creating Metrics Ranking Table ==
============================================

Calculating MAE, RMSE, MAPE, sMAPE per model...
Ranking forecasters ...
...finished!

Exporting metrics ranking as csv...
...finished!

Results:
                                          Model       MAE      RMSE      MAPE  \
0   Weighted Ensemble: Inverse Error Covariance  0.006268  0.008330  0.005692   
1                                         Naive  0.006643  0.008753  0.006043   
2                         Exponential Smoothing  0.006655  0.008763  0.006054   
3              Meta Ensemble: Linear Regression  0.006743  0.008912  0.006138   
4                                 Naive (drift)  0.006826  0.008873  0.006211   
5                                       XGBoost  0.007547  0.009868  0.006833   
6               Weighted Ensemble: Inverse RMSE  0.007669  0.009893  0.006972   
7           Weighted Ensemble: Inverse Variance  0.007773  0.009915  0.007063   
8                     Weighted Ensemble: Simple  0.008050  0.010284  0.007317   
9                   Meta Ensemble: RandomForest  0.008126  0.009865  0.007375   
10                                   AutoSARIMA  0.010249  0.013546  0.009347   
11                                          STL  0.014148  0.017665  0.012884   
12                         Meta Ensemble: Ridge  0.014475  0.018307  0.013096   
13                           Meta Ensemble: SVR  0.015275  0.018415  0.013895   
14                           Meta Ensemble: MLP  0.242192  0.264513  0.219881   

        sMAPE  MAE Ranking  RMSE Ranking  MAPE Ranking  sMAPE Ranking  
0    0.379191            1             1             1              1  
1    0.402667            2             2             2              2  
2    0.403417            3             3             3              3  
3    0.408527            4             5             4              4  
4    0.413911            5             4             5              5  
5    0.456078            6             7             6              6  
6    0.464799            7             8             7              7  
7    0.470917            8             9             8              8  
8    0.487915            9            10             9              9  
9    0.491458           10             6            10             10  
10   0.623553           11            11            11             11  
11   0.859981           12            12            12             12  
12   0.875092           13            13            13             13  
13   0.925268           14            14            14             14  
14  13.488019           15            15            15             15  


[2024-03-06 19:19] Finished Pipeline!
[Total time elapsed: 20s]
=================================================================================
