[33;1m=================================================================================
[2024-03-04 10:48] Starting  Pipeline...[0m
[33;1m
=====================================================
== Starting Step 1 in Pipeline: Data Preprocessing ==
=====================================================
[0m
[33;1mSearching for time information...[0m
[33;1mDates found in 'index' column![0m
[33;1mInferred frequency: 15T[0m
[33;1mData from goes from 2020-01-01 to 2020-04-14, resulting in 10000 observations.
[0m
[33;1mAggregating data to frequency 'business day' using method 'last' and dropping NaNs...[0m
[33;1m...finished!
Data now has 74 observations.
[0m
[33;1mSelecting target and covariates...[0m
[33;1mTarget: bid_close[0m
[33;1mCovariates: None[0m
[33;1m
Data Insight:
[0m
[33;1m            bid_close
datetime             
2020-01-02    1.11702
2020-01-03    1.11599
2020-01-06    1.11948
2020-01-07    1.11530
2020-01-08    1.11124[0m
[33;1m[Time elapsed: 00s]
[0m
[33;1m
=======================================================
== Starting Step 2 in Pipeline: Individual Forecasts ==
=======================================================
[0m
[33;1mSplitting data (train/test ratio: 30/70)...
Initial training set has 22 observations [0m
[33;1mand goes from 2020-01-02 to 2020-01-31
There are 52 periods to be forecasted: [0m
[33;1m2020-02-03 to 2020-04-14
[0m
[33;1mNow generating 52 one-step ahead expanding window predictions from model: Naive (sktime)[0m
[33;1m...finished!
[0m
[33;1mSince no covariates are given, skipping covariate models [0m
[33;1m
Individual predictions finished!

Insights into models' predictions:[0m
[33;1m              Naive
Date               
2020-02-03  1.10885
2020-02-04  1.10618
2020-02-05  1.10440
2020-02-06  1.09994
2020-02-07  1.09802[0m
[33;1m
[0m
[33;1mExporting individual predictions as csv...[0m
[33;1m...finished!
[0m
[33;1m[Time elapsed: 02s]
[0m
[33;1m
=============================================
== Step 3: Historical Ensemble Predictions ==
=============================================
[0m
[33;1mSplitting forecast data (n = 52) for ensemble forecasts (train/test ratio: 30/70)...[0m
[33;1mInitial training set has 15 observations and goes from 2020-02-03 to 2020-02-21[0m
[33;1mThere are 37 periods to be forecasted by the individual models 2020-02-24 to 2020-04-14[0m
[33;1m
Now generating 37 one-step ahead expanding window predictions from ensemble model: 'Weighted - Simple'[0m
[33;1mEnsemble forecast 1 / 37[0m
[33;1mEnsemble forecast 20 / 37[0m
[33;1mEnsemble forecast 37 / 37[0m
[33;1m...finished![0m
[33;1m
Now generating 37 one-step ahead expanding window predictions from ensemble model: 'Weighted - Inverse RMSE'[0m
[33;1mEnsemble forecast 1 / 37[0m
[33;1mEnsemble forecast 20 / 37[0m
[33;1mEnsemble forecast 37 / 37[0m
[33;1m...finished![0m
[33;1m
Ensemble predictions finished!

Insights into ensembles' predictions:[0m
[33;1m            Weighted Ensemble: Simple  Weighted Ensemble: Inverse RMSE
Date                                                                  
2020-02-24                    1.08379                          1.08379
2020-02-25                    1.08481                          1.08481
2020-02-26                    1.08792                          1.08792
2020-02-27                    1.08857                          1.08857
2020-02-28                    1.09958                          1.09958[0m
[33;1m
Merging...[0m
[33;1m...finished!
[0m
[33;1mExporting ensemble predictions as csv...[0m
[33;1mExporting full predictions as csv...[0m
[33;1m...finished!
[0m
[33;1m[Time elapsed: 02s]
[0m
[33;1m
============================================
== Step 4: Creating Metrics Ranking Table ==
============================================
[0m
[33;1mCalculating MAPE, RMSE, SMAPE per model...[0m
[33;1mRanking models ...[0m
[33;1m...finished!
[0m
[33;1mExporting metrics ranking as csv...[0m
[33;1m...finished!
[0m
[33;1mResults:[0m
[33;1m                             Model      MAPE      RMSE     SMAPE  \
0        Weighted Ensemble: Simple  0.604318  0.008753  0.402667   
1  Weighted Ensemble: Inverse RMSE  0.604318  0.008753  0.402667   
2                            Naive  0.604318  0.008753  0.402667   

   MAPE Ranking  RMSE Ranking  SMAPE Ranking  
0             2             2              2  
1             2             2              2  
2             2             2              2  [0m
[33;1m

[2024-03-04 10:48] Finished Pipeline!
[Total time elapsed: 02s]
=================================================================================[0m
