=================================================================================
[2024-03-06 10:07] Starting  Pipeline...

=====================================================
== Starting Step 1 in Pipeline: Data Preprocessing ==
=====================================================

Searching for time information...
Dates found in 'index' column!
Inferred frequency: month start
Data from goes from 2004-01-01 to 2013-12-01, resulting in 120 observations.

Selecting target and covariates...
Target: y
Covariates: x1, x2, x3

Data Insight:

                    y          x1         x2          x3
Date                                                    
2004-01-01  50.840469  427.595799  55.337904  900.325291
2004-02-01  52.871538  434.062163  54.959155  900.775888
2004-03-01  53.769316  453.264284  56.470633  899.510058
2004-04-01  57.672973  459.367523  56.704233  903.524834
2004-05-01  57.182051  462.354356  61.557907  905.071762
[Time elapsed: 00s]


=======================================================
== Starting Step 2 in Pipeline: Individual Forecasts ==
=======================================================

Splitting data (train/test ratio: 30/70)...
Initial training set has 36 observations 
and goes from 2004-01-01 to 2006-12-01
There are 84 periods to be forecasted: 
2007-01-01 to 2013-12-01

Now generating 84 one-step ahead expanding window predictions from model: Naive (sktime)
...finished!

Now generating 84 one-step ahead expanding window predictions from model: Naive (drift) (sktime)
...finished!

Now generating 84 one-step ahead expanding window predictions from model: AutoSARIMA (sktime)
Auto-fitting model. Refitting every 28th period.
AutoSARIMA forecast 1 / 84
AutoSARIMA forecast 17 / 84
AutoSARIMA forecast 34 / 84
AutoSARIMA forecast 51 / 84
AutoSARIMA forecast 68 / 84
AutoSARIMA forecast 84 / 84
...finished!

Now generating 84 one-step ahead expanding window predictions from model: Exponential Smoothing (sktime)
...finished!

Now generating 84 one-step ahead expanding window predictions from model: STL (sktime)
...finished!

Now generating 84 one-step ahead expanding window predictions from model: XGBoost (darts)
...finished!

Now generating 84 one-step ahead expanding window predictions from model: XGBoost with covariates (darts)
...finished!


Individual forecasters' predictions finished!

Insights into forecasters' predictions:
             Naive  Naive (drift)  AutoSARIMA  Exponential Smoothing  \
Date                                                                   
2007-01  48.857243      48.800580   49.606623              49.016606   
2007-02  48.254157      48.182315   48.515764              48.500499   
2007-03  47.765006      47.681886   47.973535              48.001824   
2007-04  46.394433      46.277432   46.969779              46.904911   
2007-05  44.212976      44.043041   45.108821              45.025232   

               STL    XGBoost  XGBoost with covariates  
Date                                                    
2007-01  40.574201  48.632446                49.624989  
2007-02  41.374739  50.458118                49.453224  
2007-03  45.653502  47.823650                48.497398  
2007-04  41.569708  47.594688                48.059471  
2007-05  49.855823  48.784794                45.706074  


Exporting individual predictions as csv...
...finished!

[Time elapsed: 55s]


=============================================
== Step 3: Historical Ensemble Predictions ==
=============================================

Splitting forecast data (n = 84) for ensemble forecasts (train/test ratio: 30/70)...
Initial training set has 25 observations and goes from 2007-01 to 2009-01
There are 59 periods to be forecasted by the individual models 2009-02 to 2013-12

Now generating 59 one-step ahead expanding window predictions from ensemble model: 'Weighted - Simple ()'
Ensemble forecast 1 / 59
Ensemble forecast 12 / 59
Ensemble forecast 24 / 59
Ensemble forecast 36 / 59
Ensemble forecast 48 / 59
Ensemble forecast 59 / 59
...finished!

Now generating 59 one-step ahead expanding window predictions from ensemble model: 'Weighted - Inverse RMSE ()'
Ensemble forecast 1 / 59
Ensemble forecast 12 / 59
Ensemble forecast 24 / 59
Ensemble forecast 36 / 59
Ensemble forecast 48 / 59
Ensemble forecast 59 / 59
...finished!

Now generating 59 one-step ahead expanding window predictions from ensemble model: 'Weighted - Inverse Variance ()'
Ensemble forecast 1 / 59
Ensemble forecast 12 / 59
Ensemble forecast 24 / 59
Ensemble forecast 36 / 59
Ensemble forecast 48 / 59
Ensemble forecast 59 / 59
...finished!

Now generating 59 one-step ahead expanding window predictions from ensemble model: 'Weighted - Inverse Error Covariance ()'
Ensemble forecast 1 / 59
Ensemble forecast 12 / 59
Ensemble forecast 24 / 59
Ensemble forecast 36 / 59
Ensemble forecast 48 / 59
Ensemble forecast 59 / 59
...finished!

Now generating 59 one-step ahead expanding window predictions from ensemble model: 'Meta - SVR (sklearn)'
Ensemble forecast 1 / 59
Ensemble forecast 12 / 59
Ensemble forecast 24 / 59
Ensemble forecast 36 / 59
Ensemble forecast 48 / 59
Ensemble forecast 59 / 59
...finished!

Now generating 59 one-step ahead expanding window predictions from ensemble model: 'Meta - Ridge (sklearn)'
Ensemble forecast 1 / 59
Ensemble forecast 12 / 59
Ensemble forecast 24 / 59
Ensemble forecast 36 / 59
Ensemble forecast 48 / 59
Ensemble forecast 59 / 59
...finished!
