=================================================================================
[2024-03-06 19:23] Starting  Pipeline...

=====================================================
== Starting Step 1 in Pipeline: Data Preprocessing ==
=====================================================

Searching for time information...
Dates found in 'index' column!
Inferred frequency: 15T
Data from goes from 2020-01-01 to 2024-02-06, resulting in 143713 observations.

Aggregating data to frequency 'business day' using method 'last' and dropping NaNs...
...finished!
Data now has 1069 observations.

Selecting target and covariates...
Target: bid_close
Covariates: None

Data Insight:

            bid_close
datetime             
2020-01-02    1.11702
2020-01-03    1.11599
2020-01-06    1.11948
2020-01-07    1.11530
2020-01-08    1.11124
[Time elapsed: 00s]


=======================================================
== Starting Step 2 in Pipeline: Individual Forecasts ==
=======================================================

Splitting data (train/test ratio: 30/70)...
Initial training set has 320 observations 
and goes from 2020-01-02 to 2021-03-24
There are 749 periods to be forecasted: 
2021-03-25 to 2024-02-06

Now generating 749 one-step ahead expanding window predictions from model: Naive (sktime)
...finished!

Now generating 749 one-step ahead expanding window predictions from model: Naive (drift) (sktime)
...finished!

Now generating 749 one-step ahead expanding window predictions from model: AutoSARIMA (sktime)
Auto-fitting model. Refitting every 248th period.
AutoSARIMA forecast 1 / 749
AutoSARIMA forecast 150 / 749
AutoSARIMA forecast 300 / 749
AutoSARIMA forecast 450 / 749
AutoSARIMA forecast 600 / 749
AutoSARIMA forecast 749 / 749
...finished!

Now generating 749 one-step ahead expanding window predictions from model: Exponential Smoothing (sktime)
...finished!

Now generating 749 one-step ahead expanding window predictions from model: STL (sktime)
