
=========================================
== Pipeline Step 1: Data Preprocessing ==
=========================================

Searching time information...

=========================================
== Pipeline Step 1: Data Preprocessing ==
=========================================

Searching time information...
Dates found in 'index' column!
Inferred frequency: month start
Data goes from 2004-01 to 2023-12, resulting in 240 observations.

Selecting target and covariates...
Target: SARIMAX
Covariates: x1, x2, x3

Data Insights:
           SARIMAX          x1         x2          x3
Date                                                 
2004-01  63.359514  323.949027  40.000000  933.107000
2004-02  62.756503  308.988281  49.263525  934.755444
2004-03  58.479650  302.057244  46.104072  932.751264
2004-04  56.888113  293.210459  47.277415  930.060213
2004-05  56.145492  299.166454  44.259856  930.273192

[Time elapsed: 00s]


=====================================================
== Pipeline Step 2: Individual Models' Predictions ==
=====================================================

Splitting data for training of forecasters (train/test ratio: 30/70)...
Initial training set has 72 observations and goes from 2004-01 to 2009-12.

In an historical expanding window approach, there are 168 periods to be forecasted by the individual models: 2010-01 to 2023-12
Out-of-sample predictions are generated for next period: 2024-01

Now generating 168 one-step ahead historical expanding window predictions from model: Naive (sktime)
Performing out-of-sample predictions...
...finished!

Now generating 168 one-step ahead historical expanding window predictions from model: AutoSARIMAX with covariates (sktime)
Auto-fitting model. Refitting every 56th period.
...forecast 1 / 168
...forecast 42 / 168
...forecast 84 / 168
...forecast 126 / 168
Performing out-of-sample predictions...
=================================================================================
[2024-03-10 10:38] Starting  Pipeline for SARIMAX...

=========================================
== Pipeline Step 1: Data Preprocessing ==
=========================================

