=================================================================================
[2024-03-07 12:48] Starting  Pipeline...

=========================================
== Pipeline Step 1: Data Preprocessing ==
=========================================

Searching time information...
Dates found in 'index' column!
Inferred frequency: 15T
Data goes from 2020-01-01 00:00 to 2024-02-06 00:00, resulting in 143713 observations.

Aggregating data to frequency 'business day' using method 'last' and dropping NaNs...
...finished!
Data now has 1069 observations.

Selecting target and covariates...
Target: bid_close
Covariates: None

Data Insights:
            bid_close
datetime             
2020-01-02    1.11702
2020-01-03    1.11599
2020-01-06    1.11948
2020-01-07    1.11530
2020-01-08    1.11124

[Time elapsed: 00s]


=====================================================
== Pipeline Step 2: Individual Models' Predictions ==
=====================================================

Splitting data for training of forecasters (train/test ratio: 30/70)...
Initial training set has 321 observations and goes from 2020-01-02 to 2021-03-25.

In an historical expanding window approach, there are 748 periods to be forecasted by the individual models: 2021-03-26 to 2024-02-06

Now generating 748 one-step ahead historical expanding window predictions from model: Naive (sktime)
...finished!

Now generating 748 one-step ahead historical expanding window predictions from model: Naive (drift) (sktime)
...finished!

Now generating 748 one-step ahead historical expanding window predictions from model: AutoSARIMA (sktime)
Auto-fitting model. Refitting every 247th period.
...forecast 1 / 748
=================================================================================
[2024-03-07 12:53] Starting  Pipeline...

=========================================
== Pipeline Step 1: Data Preprocessing ==
=========================================

Searching time information...
Dates found in 'index' column!
Inferred frequency: 15T
Data goes from 2020-01-01 00:00 to 2020-01-11 09:45, resulting in 1000 observations.

Aggregating data to frequency 'business day' using method 'last' and dropping NaNs...
...finished!
Data now has 7 observations.

Selecting target and covariates...
Target: bid_close
Covariates: None

Data Insights:
            bid_close
datetime             
2020-01-02    1.11702
2020-01-03    1.11599
2020-01-06    1.11948
2020-01-07    1.11530
2020-01-08    1.11124

[Time elapsed: 00s]


=====================================================
== Pipeline Step 2: Individual Models' Predictions ==
=====================================================

Splitting data for training of forecasters (train/test ratio: 30/70)...
Initial training set has 3 observations and goes from 2020-01-02 to 2020-01-06.

In an historical expanding window approach, there are 4 periods to be forecasted by the individual models: 2020-01-07 to 2020-01-10

Now generating 4 one-step ahead historical expanding window predictions from model: Naive (sktime)
...finished!

Now generating 4 one-step ahead historical expanding window predictions from model: Naive (drift) (sktime)
...finished!

Now generating 4 one-step ahead historical expanding window predictions from model: AutoSARIMA (sktime)
Auto-fitting model. Refitting every 2nd period.
